<?xml version="1.0" encoding="UTF-8"?>
<testsuite name="Repository.RepositoryShowDBTest" tests="5" skipped="0" failures="0" errors="0" timestamp="2017-03-18T16:49:00" hostname="DESKTOP-D3166J2" time="1.431">
  <properties/>
  <testcase name="delete" classname="Repository.RepositoryShowDBTest" time="0.192"/>
  <testcase name="getAll" classname="Repository.RepositoryShowDBTest" time="0.424"/>
  <testcase name="update" classname="Repository.RepositoryShowDBTest" time="0.438"/>
  <testcase name="getById" classname="Repository.RepositoryShowDBTest" time="0.197"/>
  <testcase name="save" classname="Repository.RepositoryShowDBTest" time="0.178"/>
  <system-out><![CDATA[]]></system-out>
  <system-err><![CDATA[]]></system-err>
</testsuite>
