<?xml version="1.0" encoding="UTF-8"?>
<testsuite name="Repository.RepositoryArtistDBTest" tests="5" skipped="0" failures="0" errors="0" timestamp="2017-03-09T19:45:29" hostname="DESKTOP-D3166J2" time="1.129">
  <properties/>
  <testcase name="delete" classname="Repository.RepositoryArtistDBTest" time="0.475"/>
  <testcase name="getAll" classname="Repository.RepositoryArtistDBTest" time="0.218"/>
  <testcase name="update" classname="Repository.RepositoryArtistDBTest" time="0.188"/>
  <testcase name="getById" classname="Repository.RepositoryArtistDBTest" time="0.125"/>
  <testcase name="save" classname="Repository.RepositoryArtistDBTest" time="0.123"/>
  <system-out><![CDATA[]]></system-out>
  <system-err><![CDATA[]]></system-err>
</testsuite>
