<?xml version="1.0" encoding="UTF-8"?>
<testsuite name="Repository.RepositoryShowDBTest" tests="5" skipped="0" failures="0" errors="0" timestamp="2017-03-09T19:45:30" hostname="DESKTOP-D3166J2" time="1.043">
  <properties/>
  <testcase name="delete" classname="Repository.RepositoryShowDBTest" time="0.172"/>
  <testcase name="getAll" classname="Repository.RepositoryShowDBTest" time="0.281"/>
  <testcase name="update" classname="Repository.RepositoryShowDBTest" time="0.219"/>
  <testcase name="getById" classname="Repository.RepositoryShowDBTest" time="0.172"/>
  <testcase name="save" classname="Repository.RepositoryShowDBTest" time="0.183"/>
  <system-out><![CDATA[]]></system-out>
  <system-err><![CDATA[]]></system-err>
</testsuite>
