<?xml version="1.0" encoding="UTF-8"?>
<testsuite name="Repository.RepositoryTransactionDBTest" tests="5" skipped="0" failures="0" errors="0" timestamp="2017-05-04T14:32:36" hostname="DESKTOP-D3166J2" time="2.053">
  <properties/>
  <testcase name="delete" classname="Repository.RepositoryTransactionDBTest" time="0.759"/>
  <testcase name="getAll" classname="Repository.RepositoryTransactionDBTest" time="0.266"/>
  <testcase name="update" classname="Repository.RepositoryTransactionDBTest" time="0.375"/>
  <testcase name="getById" classname="Repository.RepositoryTransactionDBTest" time="0.4"/>
  <testcase name="save" classname="Repository.RepositoryTransactionDBTest" time="0.251"/>
  <system-out><![CDATA[]]></system-out>
  <system-err><![CDATA[]]></system-err>
</testsuite>
