<?xml version="1.0" encoding="UTF-8"?>
<testsuite name="Repository.RepositoryShowDBTest" tests="5" skipped="0" failures="0" errors="0" timestamp="2017-03-28T13:55:37" hostname="DESKTOP-D3166J2" time="1.132">
  <properties/>
  <testcase name="delete" classname="Repository.RepositoryShowDBTest" time="0.251"/>
  <testcase name="getAll" classname="Repository.RepositoryShowDBTest" time="0.319"/>
  <testcase name="update" classname="Repository.RepositoryShowDBTest" time="0.205"/>
  <testcase name="getById" classname="Repository.RepositoryShowDBTest" time="0.166"/>
  <testcase name="save" classname="Repository.RepositoryShowDBTest" time="0.191"/>
  <system-out><![CDATA[]]></system-out>
  <system-err><![CDATA[]]></system-err>
</testsuite>
