<?xml version="1.0" encoding="UTF-8"?>
<testsuite name="Repository.RepositoryShowDBTest" tests="5" skipped="0" failures="0" errors="0" timestamp="2017-05-03T18:43:37" hostname="DESKTOP-D3166J2" time="1.293">
  <properties/>
  <testcase name="delete" classname="Repository.RepositoryShowDBTest" time="0.183"/>
  <testcase name="getAll" classname="Repository.RepositoryShowDBTest" time="0.255"/>
  <testcase name="update" classname="Repository.RepositoryShowDBTest" time="0.188"/>
  <testcase name="getById" classname="Repository.RepositoryShowDBTest" time="0.254"/>
  <testcase name="save" classname="Repository.RepositoryShowDBTest" time="0.411"/>
  <system-out><![CDATA[]]></system-out>
  <system-err><![CDATA[]]></system-err>
</testsuite>
