<?xml version="1.0" encoding="UTF-8"?>
<testsuite name="Repository.RepositoryShowDBTest" tests="5" skipped="0" failures="0" errors="0" timestamp="2017-04-26T14:50:07" hostname="DESKTOP-D3166J2" time="1.243">
  <properties/>
  <testcase name="delete" classname="Repository.RepositoryShowDBTest" time="0.294"/>
  <testcase name="getAll" classname="Repository.RepositoryShowDBTest" time="0.218"/>
  <testcase name="update" classname="Repository.RepositoryShowDBTest" time="0.277"/>
  <testcase name="getById" classname="Repository.RepositoryShowDBTest" time="0.232"/>
  <testcase name="save" classname="Repository.RepositoryShowDBTest" time="0.222"/>
  <system-out><![CDATA[]]></system-out>
  <system-err><![CDATA[]]></system-err>
</testsuite>
