<?xml version="1.0" encoding="UTF-8"?>
<testsuite name="Repository.RepositoryUserDBTest" tests="5" skipped="0" failures="0" errors="0" timestamp="2017-05-03T14:57:49" hostname="DESKTOP-D3166J2" time="0.528">
  <properties/>
  <testcase name="delete" classname="Repository.RepositoryUserDBTest" time="0.074"/>
  <testcase name="getAll" classname="Repository.RepositoryUserDBTest" time="0.18"/>
  <testcase name="update" classname="Repository.RepositoryUserDBTest" time="0.118"/>
  <testcase name="getById" classname="Repository.RepositoryUserDBTest" time="0.076"/>
  <testcase name="save" classname="Repository.RepositoryUserDBTest" time="0.078"/>
  <system-out><![CDATA[]]></system-out>
  <system-err><![CDATA[]]></system-err>
</testsuite>
