<?xml version="1.0" encoding="UTF-8"?>
<testsuite name="Repository.RepositoryUserDBTest" tests="5" skipped="0" failures="0" errors="0" timestamp="2017-04-26T15:33:49" hostname="DESKTOP-D3166J2" time="0.914">
  <properties/>
  <testcase name="delete" classname="Repository.RepositoryUserDBTest" time="0.177"/>
  <testcase name="getAll" classname="Repository.RepositoryUserDBTest" time="0.349"/>
  <testcase name="update" classname="Repository.RepositoryUserDBTest" time="0.14"/>
  <testcase name="getById" classname="Repository.RepositoryUserDBTest" time="0.139"/>
  <testcase name="save" classname="Repository.RepositoryUserDBTest" time="0.107"/>
  <system-out><![CDATA[]]></system-out>
  <system-err><![CDATA[]]></system-err>
</testsuite>
