<?xml version="1.0" encoding="UTF-8"?>
<testsuite name="Repository.RepositoryShowDBTest" tests="5" skipped="0" failures="0" errors="0" timestamp="2017-05-04T14:32:34" hostname="DESKTOP-D3166J2" time="1.831">
  <properties/>
  <testcase name="delete" classname="Repository.RepositoryShowDBTest" time="0.272"/>
  <testcase name="getAll" classname="Repository.RepositoryShowDBTest" time="0.545"/>
  <testcase name="update" classname="Repository.RepositoryShowDBTest" time="0.681"/>
  <testcase name="getById" classname="Repository.RepositoryShowDBTest" time="0.165"/>
  <testcase name="save" classname="Repository.RepositoryShowDBTest" time="0.165"/>
  <system-out><![CDATA[]]></system-out>
  <system-err><![CDATA[]]></system-err>
</testsuite>
