<?xml version="1.0" encoding="UTF-8"?>
<testsuite name="Repository.RepositoryShowDBTest" tests="5" skipped="0" failures="0" errors="0" timestamp="2017-04-26T15:33:44" hostname="DESKTOP-D3166J2" time="1.823">
  <properties/>
  <testcase name="delete" classname="Repository.RepositoryShowDBTest" time="0.423"/>
  <testcase name="getAll" classname="Repository.RepositoryShowDBTest" time="0.543"/>
  <testcase name="update" classname="Repository.RepositoryShowDBTest" time="0.302"/>
  <testcase name="getById" classname="Repository.RepositoryShowDBTest" time="0.332"/>
  <testcase name="save" classname="Repository.RepositoryShowDBTest" time="0.221"/>
  <system-out><![CDATA[]]></system-out>
  <system-err><![CDATA[]]></system-err>
</testsuite>
