<?xml version="1.0" encoding="UTF-8"?>
<testsuite name="Repository.RepositoryArtistDBTest" tests="5" skipped="0" failures="0" errors="0" timestamp="2017-03-28T13:55:35" hostname="DESKTOP-D3166J2" time="1.295">
  <properties/>
  <testcase name="delete" classname="Repository.RepositoryArtistDBTest" time="0.543"/>
  <testcase name="getAll" classname="Repository.RepositoryArtistDBTest" time="0.369"/>
  <testcase name="update" classname="Repository.RepositoryArtistDBTest" time="0.17"/>
  <testcase name="getById" classname="Repository.RepositoryArtistDBTest" time="0.118"/>
  <testcase name="save" classname="Repository.RepositoryArtistDBTest" time="0.094"/>
  <system-out><![CDATA[]]></system-out>
  <system-err><![CDATA[]]></system-err>
</testsuite>
