<?xml version="1.0" encoding="UTF-8"?>
<testsuite name="Repository.RepositoryArtistDBTest" tests="5" skipped="0" failures="0" errors="0" timestamp="2017-05-03T14:57:48" hostname="DESKTOP-D3166J2" time="1.052">
  <properties/>
  <testcase name="delete" classname="Repository.RepositoryArtistDBTest" time="0.515"/>
  <testcase name="getAll" classname="Repository.RepositoryArtistDBTest" time="0.232"/>
  <testcase name="update" classname="Repository.RepositoryArtistDBTest" time="0.149"/>
  <testcase name="getById" classname="Repository.RepositoryArtistDBTest" time="0.077"/>
  <testcase name="save" classname="Repository.RepositoryArtistDBTest" time="0.077"/>
  <system-out><![CDATA[]]></system-out>
  <system-err><![CDATA[]]></system-err>
</testsuite>
