<?xml version="1.0" encoding="UTF-8"?>
<testsuite name="Repository.RepositoryUserDBTest" tests="5" skipped="0" failures="0" errors="0" timestamp="2017-03-18T16:49:04" hostname="DESKTOP-D3166J2" time="0.778">
  <properties/>
  <testcase name="delete" classname="Repository.RepositoryUserDBTest" time="0.159"/>
  <testcase name="getAll" classname="Repository.RepositoryUserDBTest" time="0.21"/>
  <testcase name="update" classname="Repository.RepositoryUserDBTest" time="0.209"/>
  <testcase name="getById" classname="Repository.RepositoryUserDBTest" time="0.088"/>
  <testcase name="save" classname="Repository.RepositoryUserDBTest" time="0.11"/>
  <system-out><![CDATA[]]></system-out>
  <system-err><![CDATA[]]></system-err>
</testsuite>
