<?xml version="1.0" encoding="UTF-8"?>
<testsuite name="Repository.RepositoryArtistDBTest" tests="5" skipped="0" failures="0" errors="0" timestamp="2017-03-18T16:48:59" hostname="DESKTOP-D3166J2" time="1.369">
  <properties/>
  <testcase name="delete" classname="Repository.RepositoryArtistDBTest" time="0.651"/>
  <testcase name="getAll" classname="Repository.RepositoryArtistDBTest" time="0.396"/>
  <testcase name="update" classname="Repository.RepositoryArtistDBTest" time="0.132"/>
  <testcase name="getById" classname="Repository.RepositoryArtistDBTest" time="0.11"/>
  <testcase name="save" classname="Repository.RepositoryArtistDBTest" time="0.079"/>
  <system-out><![CDATA[]]></system-out>
  <system-err><![CDATA[]]></system-err>
</testsuite>
