<?xml version="1.0" encoding="UTF-8"?>
<testsuite name="Validation.ValidatorArtistTest" tests="2" skipped="0" failures="0" errors="0" timestamp="2017-03-18T16:49:04" hostname="DESKTOP-D3166J2" time="0.001">
  <properties/>
  <testcase name="validateInvalidArtist" classname="Validation.ValidatorArtistTest" time="0.0"/>
  <testcase name="validateValidArtist" classname="Validation.ValidatorArtistTest" time="0.001"/>
  <system-out><![CDATA[]]></system-out>
  <system-err><![CDATA[]]></system-err>
</testsuite>
