<?xml version="1.0" encoding="UTF-8"?>
<testsuite name="Domain.UserTest" tests="6" skipped="0" failures="0" errors="0" timestamp="2017-03-18T16:48:59" hostname="DESKTOP-D3166J2" time="0.003">
  <properties/>
  <testcase name="setPassword" classname="Domain.UserTest" time="0.001"/>
  <testcase name="getPassword" classname="Domain.UserTest" time="0.001"/>
  <testcase name="setIdUser" classname="Domain.UserTest" time="0.0"/>
  <testcase name="getIdUser" classname="Domain.UserTest" time="0.0"/>
  <testcase name="setUsername" classname="Domain.UserTest" time="0.0"/>
  <testcase name="getUsername" classname="Domain.UserTest" time="0.0"/>
  <system-out><![CDATA[]]></system-out>
  <system-err><![CDATA[]]></system-err>
</testsuite>
