<?xml version="1.0" encoding="UTF-8"?>
<testsuite name="Domain.ArtistTest" tests="4" skipped="0" failures="0" errors="0" timestamp="2017-03-28T12:58:07" hostname="DESKTOP-D3166J2" time="0.008">
  <properties/>
  <testcase name="getName" classname="Domain.ArtistTest" time="0.004"/>
  <testcase name="setIdArtist" classname="Domain.ArtistTest" time="0.0"/>
  <testcase name="getIdArtist" classname="Domain.ArtistTest" time="0.001"/>
  <testcase name="setName" classname="Domain.ArtistTest" time="0.0"/>
  <system-out><![CDATA[]]></system-out>
  <system-err><![CDATA[]]></system-err>
</testsuite>
