<?xml version="1.0" encoding="UTF-8"?>
<testsuite name="Domain.ShowTest" tests="10" skipped="0" failures="0" errors="0" timestamp="2017-05-04T14:32:31" hostname="DESKTOP-D3166J2" time="0.0">
  <properties/>
  <testcase name="setTicketsSold" classname="Domain.ShowTest" time="0.0"/>
  <testcase name="setLocation" classname="Domain.ShowTest" time="0.0"/>
  <testcase name="getLocation" classname="Domain.ShowTest" time="0.0"/>
  <testcase name="setTicketsAvailable" classname="Domain.ShowTest" time="0.0"/>
  <testcase name="getTicketsSold" classname="Domain.ShowTest" time="0.0"/>
  <testcase name="setIdShow" classname="Domain.ShowTest" time="0.0"/>
  <testcase name="getIdShow" classname="Domain.ShowTest" time="0.0"/>
  <testcase name="setIdArtist" classname="Domain.ShowTest" time="0.0"/>
  <testcase name="getIdArtist" classname="Domain.ShowTest" time="0.0"/>
  <testcase name="getTicketsAvailable" classname="Domain.ShowTest" time="0.0"/>
  <system-out><![CDATA[]]></system-out>
  <system-err><![CDATA[]]></system-err>
</testsuite>
